2024-09-13 17:32:20,699 - ERROR - Operational error: Could not connect to the database. Error: connection to server at "localhost" (::1), port 5432 failed: FATAL:  password authentication failed for user "gslpgadmin"

2024-09-13 17:32:20,740 - ERROR - Operational error: Could not connect to the database. Error: connection to server at "localhost" (::1), port 5432 failed: FATAL:  password authentication failed for user "gslpgadmin"

2024-09-13 17:32:20,748 - ERROR - Operational error: Could not connect to the database. Error: connection to server at "localhost" (::1), port 5432 failed: FATAL:  password authentication failed for user "gslpgadmin"

2024-09-13 17:32:20,832 - ERROR - Operational error: Could not connect to the database. Error: connection to server at "localhost" (::1), port 5432 failed: FATAL:  password authentication failed for user "gslpgadmin"

2024-09-13 17:32:20,849 - ERROR - Operational error: Could not connect to the database. Error: connection to server at "localhost" (::1), port 5432 failed: FATAL:  password authentication failed for user "gslpgadmin"

2024-09-13 17:32:20,850 - ERROR - Operational error: Could not connect to the database. Error: connection to server at "localhost" (::1), port 5432 failed: FATAL:  password authentication failed for user "gslpgadmin"

2024-09-13 17:32:20,869 - ERROR - Operational error: Could not connect to the database. Error: connection to server at "localhost" (::1), port 5432 failed: FATAL:  password authentication failed for user "gslpgadmin"

2024-09-13 17:32:20,871 - ERROR - Operational error: Could not connect to the database. Error: connection to server at "localhost" (::1), port 5432 failed: FATAL:  password authentication failed for user "gslpgadmin"

2024-09-13 17:32:20,888 - ERROR - Operational error: Could not connect to the database. Error: connection to server at "localhost" (::1), port 5432 failed: FATAL:  password authentication failed for user "gslpgadmin"

2024-09-13 17:32:20,898 - ERROR - Operational error: Could not connect to the database. Error: connection to server at "localhost" (::1), port 5432 failed: FATAL:  password authentication failed for user "gslpgadmin"

2024-09-13 17:32:20,902 - ERROR - Operational error: Could not connect to the database. Error: connection to server at "localhost" (::1), port 5432 failed: FATAL:  password authentication failed for user "gslpgadmin"

2024-09-13 17:32:20,920 - ERROR - Operational error: Could not connect to the database. Error: connection to server at "localhost" (::1), port 5432 failed: FATAL:  password authentication failed for user "gslpgadmin"

2024-09-13 17:32:20,933 - ERROR - Operational error: Could not connect to the database. Error: connection to server at "localhost" (::1), port 5432 failed: FATAL:  password authentication failed for user "gslpgadmin"

2024-09-13 17:32:51,876 - ERROR - Operational error: Could not connect to the database. Error: connection to server at "localhost" (::1), port 5432 failed: FATAL:  password authentication failed for user "gslpgadmin"

2024-09-13 17:32:51,917 - ERROR - Operational error: Could not connect to the database. Error: connection to server at "localhost" (::1), port 5432 failed: FATAL:  password authentication failed for user "gslpgadmin"

2024-09-13 17:32:51,939 - ERROR - Operational error: Could not connect to the database. Error: connection to server at "localhost" (::1), port 5432 failed: FATAL:  password authentication failed for user "gslpgadmin"

2024-09-13 17:32:52,001 - ERROR - Operational error: Could not connect to the database. Error: connection to server at "localhost" (::1), port 5432 failed: FATAL:  password authentication failed for user "gslpgadmin"

2024-09-13 17:32:52,003 - ERROR - Operational error: Could not connect to the database. Error: connection to server at "localhost" (::1), port 5432 failed: FATAL:  password authentication failed for user "gslpgadmin"

2024-09-13 17:32:52,004 - ERROR - Operational error: Could not connect to the database. Error: connection to server at "localhost" (::1), port 5432 failed: FATAL:  password authentication failed for user "gslpgadmin"

2024-09-13 17:32:52,070 - ERROR - Operational error: Could not connect to the database. Error: connection to server at "localhost" (::1), port 5432 failed: FATAL:  password authentication failed for user "gslpgadmin"

2024-09-13 17:32:52,070 - ERROR - Operational error: Could not connect to the database. Error: connection to server at "localhost" (::1), port 5432 failed: FATAL:  password authentication failed for user "gslpgadmin"

2024-09-13 17:32:52,076 - ERROR - Operational error: Could not connect to the database. Error: connection to server at "localhost" (::1), port 5432 failed: FATAL:  password authentication failed for user "gslpgadmin"

2024-09-13 17:32:52,086 - ERROR - Operational error: Could not connect to the database. Error: connection to server at "localhost" (::1), port 5432 failed: FATAL:  password authentication failed for user "gslpgadmin"

2024-09-13 17:32:52,103 - ERROR - Operational error: Could not connect to the database. Error: connection to server at "localhost" (::1), port 5432 failed: FATAL:  password authentication failed for user "gslpgadmin"

2024-09-13 17:32:52,112 - ERROR - Operational error: Could not connect to the database. Error: connection to server at "localhost" (::1), port 5432 failed: FATAL:  password authentication failed for user "gslpgadmin"

2024-09-13 17:32:52,115 - ERROR - Operational error: Could not connect to the database. Error: connection to server at "localhost" (::1), port 5432 failed: FATAL:  password authentication failed for user "gslpgadmin"

2024-09-13 17:33:07,208 - ERROR - Operational error: Could not connect to the database. Error: connection to server at "localhost" (::1), port 5432 failed: FATAL:  password authentication failed for user "gslpgadmin"

2024-09-13 17:33:07,266 - ERROR - Operational error: Could not connect to the database. Error: connection to server at "localhost" (::1), port 5432 failed: FATAL:  password authentication failed for user "gslpgadmin"

2024-09-13 17:33:07,269 - ERROR - Operational error: Could not connect to the database. Error: connection to server at "localhost" (::1), port 5432 failed: FATAL:  password authentication failed for user "gslpgadmin"

2024-09-13 17:33:07,280 - ERROR - Operational error: Could not connect to the database. Error: connection to server at "localhost" (::1), port 5432 failed: FATAL:  password authentication failed for user "gslpgadmin"

2024-09-13 17:33:07,334 - ERROR - Operational error: Could not connect to the database. Error: connection to server at "localhost" (::1), port 5432 failed: FATAL:  password authentication failed for user "gslpgadmin"

2024-09-13 17:33:07,334 - ERROR - Operational error: Could not connect to the database. Error: connection to server at "localhost" (::1), port 5432 failed: FATAL:  password authentication failed for user "gslpgadmin"

2024-09-13 17:33:07,337 - ERROR - Operational error: Could not connect to the database. Error: connection to server at "localhost" (::1), port 5432 failed: FATAL:  password authentication failed for user "gslpgadmin"

2024-09-13 17:33:07,364 - ERROR - Operational error: Could not connect to the database. Error: connection to server at "localhost" (::1), port 5432 failed: FATAL:  password authentication failed for user "gslpgadmin"

2024-09-13 17:33:07,383 - ERROR - Operational error: Could not connect to the database. Error: connection to server at "localhost" (::1), port 5432 failed: FATAL:  password authentication failed for user "gslpgadmin"

2024-09-13 17:33:07,417 - ERROR - Operational error: Could not connect to the database. Error: connection to server at "localhost" (::1), port 5432 failed: FATAL:  password authentication failed for user "gslpgadmin"

2024-09-13 17:33:07,433 - ERROR - Operational error: Could not connect to the database. Error: connection to server at "localhost" (::1), port 5432 failed: FATAL:  password authentication failed for user "gslpgadmin"

2024-09-13 17:33:07,439 - ERROR - Operational error: Could not connect to the database. Error: connection to server at "localhost" (::1), port 5432 failed: FATAL:  password authentication failed for user "gslpgadmin"

2024-09-13 17:33:07,463 - ERROR - Operational error: Could not connect to the database. Error: connection to server at "localhost" (::1), port 5432 failed: FATAL:  password authentication failed for user "gslpgadmin"

2024-09-13 17:33:34,275 - ERROR - Operational error: Could not connect to the database. Error: connection to server at "localhost" (::1), port 5432 failed: FATAL:  password authentication failed for user "pgmain"

2024-09-13 17:33:34,348 - ERROR - Operational error: Could not connect to the database. Error: connection to server at "localhost" (::1), port 5432 failed: FATAL:  password authentication failed for user "pgmain"

2024-09-13 17:33:34,348 - ERROR - Operational error: Could not connect to the database. Error: connection to server at "localhost" (::1), port 5432 failed: FATAL:  password authentication failed for user "pgmain"

2024-09-13 17:33:34,407 - ERROR - Operational error: Could not connect to the database. Error: connection to server at "localhost" (::1), port 5432 failed: FATAL:  password authentication failed for user "pgmain"

2024-09-13 17:33:34,407 - ERROR - Operational error: Could not connect to the database. Error: connection to server at "localhost" (::1), port 5432 failed: FATAL:  password authentication failed for user "pgmain"

2024-09-13 17:33:34,410 - ERROR - Operational error: Could not connect to the database. Error: connection to server at "localhost" (::1), port 5432 failed: FATAL:  password authentication failed for user "pgmain"

2024-09-13 17:33:34,411 - ERROR - Operational error: Could not connect to the database. Error: connection to server at "localhost" (::1), port 5432 failed: FATAL:  password authentication failed for user "pgmain"

2024-09-13 17:33:34,440 - ERROR - Operational error: Could not connect to the database. Error: connection to server at "localhost" (::1), port 5432 failed: FATAL:  password authentication failed for user "pgmain"

2024-09-13 17:33:34,447 - ERROR - Operational error: Could not connect to the database. Error: connection to server at "localhost" (::1), port 5432 failed: FATAL:  password authentication failed for user "pgmain"

2024-09-13 17:33:34,448 - ERROR - Operational error: Could not connect to the database. Error: connection to server at "localhost" (::1), port 5432 failed: FATAL:  password authentication failed for user "pgmain"

2024-09-13 17:33:34,470 - ERROR - Operational error: Could not connect to the database. Error: connection to server at "localhost" (::1), port 5432 failed: FATAL:  password authentication failed for user "pgmain"

2024-09-13 17:33:34,479 - ERROR - Operational error: Could not connect to the database. Error: connection to server at "localhost" (::1), port 5432 failed: FATAL:  password authentication failed for user "pgmain"

2024-09-13 17:33:34,484 - ERROR - Operational error: Could not connect to the database. Error: connection to server at "localhost" (::1), port 5432 failed: FATAL:  password authentication failed for user "pgmain"

2024-09-13 17:33:56,463 - ERROR - Operational error: Could not connect to the database. Error: connection to server at "localhost" (::1), port 5432 failed: FATAL:  password authentication failed for user "pgmain"

2024-09-13 17:33:56,500 - ERROR - Operational error: Could not connect to the database. Error: connection to server at "localhost" (::1), port 5432 failed: FATAL:  password authentication failed for user "pgmain"

2024-09-13 17:33:56,528 - ERROR - Operational error: Could not connect to the database. Error: connection to server at "localhost" (::1), port 5432 failed: FATAL:  password authentication failed for user "pgmain"

2024-09-13 17:33:56,587 - ERROR - Operational error: Could not connect to the database. Error: connection to server at "localhost" (::1), port 5432 failed: FATAL:  password authentication failed for user "pgmain"

2024-09-13 17:33:56,593 - ERROR - Operational error: Could not connect to the database. Error: connection to server at "localhost" (::1), port 5432 failed: FATAL:  password authentication failed for user "pgmain"

2024-09-13 17:33:56,598 - ERROR - Operational error: Could not connect to the database. Error: connection to server at "localhost" (::1), port 5432 failed: FATAL:  password authentication failed for user "pgmain"

2024-09-13 17:33:56,646 - ERROR - Operational error: Could not connect to the database. Error: connection to server at "localhost" (::1), port 5432 failed: FATAL:  password authentication failed for user "pgmain"

2024-09-13 17:33:56,682 - ERROR - Operational error: Could not connect to the database. Error: connection to server at "localhost" (::1), port 5432 failed: FATAL:  password authentication failed for user "pgmain"

2024-09-13 17:33:56,682 - ERROR - Operational error: Could not connect to the database. Error: connection to server at "localhost" (::1), port 5432 failed: FATAL:  password authentication failed for user "pgmain"

2024-09-13 17:33:56,715 - ERROR - Operational error: Could not connect to the database. Error: connection to server at "localhost" (::1), port 5432 failed: FATAL:  password authentication failed for user "pgmain"

2024-09-13 17:33:56,716 - ERROR - Operational error: Could not connect to the database. Error: connection to server at "localhost" (::1), port 5432 failed: FATAL:  password authentication failed for user "pgmain"

2024-09-13 17:33:56,718 - ERROR - Operational error: Could not connect to the database. Error: connection to server at "localhost" (::1), port 5432 failed: FATAL:  password authentication failed for user "pgmain"

2024-09-13 17:33:56,720 - ERROR - Operational error: Could not connect to the database. Error: connection to server at "localhost" (::1), port 5432 failed: FATAL:  password authentication failed for user "pgmain"

2024-09-13 17:34:06,867 - ERROR - Operational error: Could not connect to the database. Error: connection to server at "localhost" (::1), port 5432 failed: FATAL:  database "TEST2" does not exist

2024-09-13 17:34:06,870 - ERROR - Operational error: Could not connect to the database. Error: connection to server at "localhost" (::1), port 5432 failed: FATAL:  database "TEST2" does not exist

2024-09-13 17:34:06,870 - ERROR - Operational error: Could not connect to the database. Error: connection to server at "localhost" (::1), port 5432 failed: FATAL:  database "TEST2" does not exist

2024-09-13 17:34:06,872 - ERROR - Operational error: Could not connect to the database. Error: connection to server at "localhost" (::1), port 5432 failed: FATAL:  database "TEST2" does not exist

2024-09-13 17:34:06,965 - ERROR - Operational error: Could not connect to the database. Error: connection to server at "localhost" (::1), port 5432 failed: FATAL:  database "TEST2" does not exist

2024-09-13 17:34:06,980 - ERROR - Operational error: Could not connect to the database. Error: connection to server at "localhost" (::1), port 5432 failed: FATAL:  database "TEST2" does not exist

2024-09-13 17:34:07,003 - ERROR - Operational error: Could not connect to the database. Error: connection to server at "localhost" (::1), port 5432 failed: FATAL:  database "TEST2" does not exist

2024-09-13 17:34:07,008 - ERROR - Operational error: Could not connect to the database. Error: connection to server at "localhost" (::1), port 5432 failed: FATAL:  database "TEST2" does not exist

2024-09-13 17:34:07,035 - ERROR - Operational error: Could not connect to the database. Error: connection to server at "localhost" (::1), port 5432 failed: FATAL:  database "TEST2" does not exist

2024-09-13 17:34:07,036 - ERROR - Operational error: Could not connect to the database. Error: connection to server at "localhost" (::1), port 5432 failed: FATAL:  database "TEST2" does not exist

2024-09-13 17:34:07,038 - ERROR - Operational error: Could not connect to the database. Error: connection to server at "localhost" (::1), port 5432 failed: FATAL:  database "TEST2" does not exist

2024-09-13 17:34:07,040 - ERROR - Operational error: Could not connect to the database. Error: connection to server at "localhost" (::1), port 5432 failed: FATAL:  database "TEST2" does not exist

2024-09-13 17:34:07,059 - ERROR - Operational error: Could not connect to the database. Error: connection to server at "localhost" (::1), port 5432 failed: FATAL:  database "TEST2" does not exist

2024-09-13 17:34:21,386 - ERROR - Database error while executing procedure call "call main.db_pro_compositegst_firsttimepopulation('2023-04-01', CURRENT_DATE);". Error: procedure main.db_pro_compositegst_firsttimepopulation(unknown, date) does not exist
LINE 1: call main.db_pro_compositegst_firsttimepopulation('2023-04-0...
             ^
HINT:  No procedure matches the given name and argument types. You might need to add explicit type casts.

2024-09-13 17:34:21,388 - ERROR - Database error while executing procedure call "call main.db_pro_stk_bk_summary_stockpointwise_master_build('2023-04-01');". Error: procedure main.db_pro_stk_bk_summary_stockpointwise_master_build(unknown) does not exist
LINE 1: call main.db_pro_stk_bk_summary_stockpointwise_master_build(...
             ^
HINT:  No procedure matches the given name and argument types. You might need to add explicit type casts.

2024-09-13 17:34:21,416 - ERROR - Database error while executing procedure call "call main.db_pro_stk_bk_batchwise_master_build('2023-04-01');". Error: procedure main.db_pro_stk_bk_batchwise_master_build(unknown) does not exist
LINE 1: call main.db_pro_stk_bk_batchwise_master_build('2023-04-01')...
             ^
HINT:  No procedure matches the given name and argument types. You might need to add explicit type casts.

2024-09-13 17:34:21,418 - ERROR - Database error while executing procedure call "call main.db_proc_sitetosite_intransum('2023-04-01');". Error: procedure main.db_proc_sitetosite_intransum(unknown) does not exist
LINE 1: call main.db_proc_sitetosite_intransum('2023-04-01');
             ^
HINT:  No procedure matches the given name and argument types. You might need to add explicit type casts.

2024-09-13 17:34:21,432 - ERROR - Database error while executing procedure call "call main.db_pro_sitetositemovement_firsttimepopulation_outward('2023-04-01', CURRENT_DATE);". Error: procedure main.db_pro_sitetositemovement_firsttimepopulation_outward(unknown, date) does not exist
LINE 1: call main.db_pro_sitetositemovement_firsttimepopulation_outw...
             ^
HINT:  No procedure matches the given name and argument types. You might need to add explicit type casts.

2024-09-13 17:34:21,454 - ERROR - Database error while executing procedure call "call main.db_pro_sitetositemovement_not_in_outward();". Error: procedure main.db_pro_sitetositemovement_not_in_outward() does not exist
LINE 1: call main.db_pro_sitetositemovement_not_in_outward();
             ^
HINT:  No procedure matches the given name and argument types. You might need to add explicit type casts.

2024-09-13 17:34:21,480 - ERROR - Database error while executing procedure call "call main.db_pro_sitetositemovement_firsttimepopulation_inward('2023-04-01', CURRENT_DATE);". Error: procedure main.db_pro_sitetositemovement_firsttimepopulation_inward(unknown, date) does not exist
LINE 1: call main.db_pro_sitetositemovement_firsttimepopulation_inwa...
             ^
HINT:  No procedure matches the given name and argument types. You might need to add explicit type casts.

2024-09-13 17:34:21,502 - ERROR - Database error while executing procedure call "call main.db_pro_stk_bk_summary_master_build('2023-04-01');". Error: procedure main.db_pro_stk_bk_summary_master_build(unknown) does not exist
LINE 1: call main.db_pro_stk_bk_summary_master_build('2023-04-01');
             ^
HINT:  No procedure matches the given name and argument types. You might need to add explicit type casts.

2024-09-13 17:34:21,506 - ERROR - Database error while executing procedure call "call main.db_pro_stk_bk_costadj_master_build('2023-04-01');". Error: procedure main.db_pro_stk_bk_costadj_master_build(unknown) does not exist
LINE 1: call main.db_pro_stk_bk_costadj_master_build('2023-04-01');
             ^
HINT:  No procedure matches the given name and argument types. You might need to add explicit type casts.

2024-09-13 17:34:21,521 - ERROR - Database error while executing procedure call "call main.db_pro_stk_ageing_firsttime();". Error: procedure main.db_pro_stk_ageing_firsttime() does not exist
LINE 1: call main.db_pro_stk_ageing_firsttime();
             ^
HINT:  No procedure matches the given name and argument types. You might need to add explicit type casts.

2024-09-13 17:34:21,536 - ERROR - Database error while executing procedure call "call main.db_pro_stk_ageing_stockpointwise_firsttime();". Error: procedure main.db_pro_stk_ageing_stockpointwise_firsttime() does not exist
LINE 1: call main.db_pro_stk_ageing_stockpointwise_firsttime();
             ^
HINT:  No procedure matches the given name and argument types. You might need to add explicit type casts.

2024-09-13 17:34:21,539 - ERROR - Database error while executing procedure call "call main.db_pro_stk_bk_costadj_batchwise_master_build('2023-04-01');". Error: procedure main.db_pro_stk_bk_costadj_batchwise_master_build(unknown) does not exist
LINE 1: call main.db_pro_stk_bk_costadj_batchwise_master_build('2023...
             ^
HINT:  No procedure matches the given name and argument types. You might need to add explicit type casts.

2024-09-13 17:34:21,569 - ERROR - Database error while executing procedure call "call main.db_pro_stk_bk_stockpointwise_batchwise_master_build('2023-04-01');". Error: procedure main.db_pro_stk_bk_stockpointwise_batchwise_master_build(unknown) does not exist
LINE 1: call main.db_pro_stk_bk_stockpointwise_batchwise_master_buil...
             ^
HINT:  No procedure matches the given name and argument types. You might need to add explicit type casts.

